<?xml version="1.0" encoding="UTF-8"?>
<!-- Generated by org.testng.reporters.JUnitReportReporter -->
<testsuite hostname="DESKTOP-QN7R8OT" failures="0" tests="3" name="com.testNG.features_new.Parameterized_Test" time="0.041" errors="0" timestamp="2022-04-11T13:56:59 IST" skipped="0">
  <testcase classname="com.testNG.features_new.Parameterized_Test" name="credentials" time="0.004"/>
  <system-out/>
  <testcase classname="com.testNG.features_new.Parameterized_Test" name="credentials" time="0.005"/>
  <system-out/>
  <testcase classname="com.testNG.features_new.Parameterized_Test" name="credentials" time="0.032"/>
  <system-out/>
</testsuite> <!-- com.testNG.features_new.Parameterized_Test -->
