<?xml version="1.0" encoding="UTF-8"?>
<!-- Generated by org.testng.reporters.JUnitReportReporter -->
<testsuite hostname="DESKTOP-QN7R8OT" failures="0" tests="1" name="com.testNG.features_new.Time_out_Sample" time="12.210" errors="0" timestamp="2022-04-04T18:17:18 IST" skipped="0">
  <testcase classname="com.testNG.features_new.Time_out_Sample" name="be" time="12.210"/>
  <system-out/>
</testsuite> <!-- com.testNG.features_new.Time_out_Sample -->
