<?xml version="1.0" encoding="UTF-8"?>
<!-- Generated by org.testng.reporters.JUnitReportReporter -->
<testsuite hostname="DESKTOP-QN7R8OT" failures="0" tests="3" name="com.testNG.features_new.Priority_Concept" time="0.035" errors="0" timestamp="2022-03-30T07:00:23 IST" skipped="0">
  <testcase classname="com.testNG.features_new.Priority_Concept" name="username" time="0.026"/>
  <system-out/>
  <testcase classname="com.testNG.features_new.Priority_Concept" name="password" time="0.003"/>
  <system-out/>
  <testcase classname="com.testNG.features_new.Priority_Concept" name="login" time="0.006"/>
  <system-out/>
</testsuite> <!-- com.testNG.features_new.Priority_Concept -->
