<?xml version="1.0" encoding="UTF-8"?>
<!-- Generated by org.testng.reporters.JUnitReportReporter -->
<testsuite hostname="DESKTOP-QN7R8OT" failures="0" tests="6" name="com.testNG.features_new.Invocation_count_concept" time="0.015" errors="0" timestamp="2022-03-30T09:05:12 IST" skipped="0">
  <testcase classname="com.testNG.features_new.Invocation_count_concept" name="browser_Launch" time="0.008"/>
  <system-out/>
  <testcase classname="com.testNG.features_new.Invocation_count_concept" name="url" time="0.001"/>
  <system-out/>
  <testcase classname="com.testNG.features_new.Invocation_count_concept" name="refresh" time="0.002"/>
  <system-out/>
  <testcase classname="com.testNG.features_new.Invocation_count_concept" name="refresh" time="0.001"/>
  <system-out/>
  <testcase classname="com.testNG.features_new.Invocation_count_concept" name="refresh" time="0.001"/>
  <system-out/>
  <testcase classname="com.testNG.features_new.Invocation_count_concept" name="credentials" time="0.002"/>
  <system-out/>
</testsuite> <!-- com.testNG.features_new.Invocation_count_concept -->
