<?xml version="1.0" encoding="UTF-8"?>
<!-- Generated by org.testng.reporters.JUnitReportReporter -->
<testsuite hostname="DESKTOP-QN7R8OT" failures="0" tests="1" name="com.testNG.features_new.Parameterized_Test_2" time="0.010" errors="0" timestamp="2022-04-09T21:44:59 IST" skipped="0">
  <testcase classname="com.testNG.features_new.Parameterized_Test_2" name="credential" time="0.010"/>
  <system-out/>
</testsuite> <!-- com.testNG.features_new.Parameterized_Test_2 -->
