<?xml version="1.0" encoding="UTF-8"?>
<!-- Generated by org.testng.reporters.JUnitReportReporter -->
<testsuite hostname="DESKTOP-QN7R8OT" failures="0" tests="2" name="com.testNG.features_new.Multi_Threading" time="0.033" errors="0" timestamp="2022-04-09T22:46:46 IST" skipped="0">
  <testcase classname="com.testNG.features_new.Multi_Threading" name="username" time="0.017"/>
  <system-out/>
  <testcase classname="com.testNG.features_new.Multi_Threading" name="password" time="0.016"/>
  <system-out/>
</testsuite> <!-- com.testNG.features_new.Multi_Threading -->
