<?xml version="1.0" encoding="UTF-8"?>
<!-- Generated by org.testng.reporters.JUnitReportReporter -->
<testsuite hostname="DESKTOP-QN7R8OT" failures="0" tests="1" name="com.testNG.features_new.Expected_Exceptions_Concepts" time="0.022" errors="0" timestamp="2022-04-02T01:35:49 IST" skipped="0">
  <testcase classname="com.testNG.features_new.Expected_Exceptions_Concepts" name="calculator" time="0.022"/>
  <system-out/>
</testsuite> <!-- com.testNG.features_new.Expected_Exceptions_Concepts -->
