<?xml version="1.0" encoding="UTF-8"?>
<!-- Generated by org.testng.reporters.JUnitReportReporter -->
<testsuite hostname="DESKTOP-QN7R8OT" failures="0" tests="6" name="com.testNG.features_new.Data_Provider" time="0.021" errors="0" timestamp="2022-04-12T12:33:07 IST" skipped="0">
  <testcase classname="com.testNG.features_new.Data_Provider" name="mohan" time="0.002"/>
  <system-out/>
  <testcase classname="com.testNG.features_new.Data_Provider" name="adactin_Runner" time="0.011"/>
  <system-out/>
  <testcase classname="com.testNG.features_new.Data_Provider" name="adactin_Runner" time="0.002"/>
  <system-out/>
  <testcase classname="com.testNG.features_new.Data_Provider" name="mohan" time="0.002"/>
  <system-out/>
  <testcase classname="com.testNG.features_new.Data_Provider" name="adactin_Runner" time="0.002"/>
  <system-out/>
  <testcase classname="com.testNG.features_new.Data_Provider" name="mohan" time="0.002"/>
  <system-out/>
</testsuite> <!-- com.testNG.features_new.Data_Provider -->
