<?xml version="1.0" encoding="UTF-8"?>
<!-- Generated by org.testng.reporters.JUnitReportReporter -->
<testsuite hostname="DESKTOP-QN7R8OT" failures="0" tests="4" name="com.testNG.features_new.Grouping_Concepts" time="0.023" errors="0" timestamp="2022-03-30T07:52:18 IST" skipped="0">
  <testcase classname="com.testNG.features_new.Grouping_Concepts" name="whatsapp" time="0.014"/>
  <system-out/>
  <testcase classname="com.testNG.features_new.Grouping_Concepts" name="Instagram" time="0.002"/>
  <system-out/>
  <testcase classname="com.testNG.features_new.Grouping_Concepts" name="Spotify" time="0.003"/>
  <system-out/>
  <testcase classname="com.testNG.features_new.Grouping_Concepts" name="wynkmusic" time="0.004"/>
  <system-out/>
</testsuite> <!-- com.testNG.features_new.Grouping_Concepts -->
