<?xml version="1.0" encoding="UTF-8"?>
<!-- Generated by org.testng.reporters.JUnitReportReporter -->
<testsuite hostname="DESKTOP-QN7R8OT" failures="0" tests="1" name="com.testNG.features_new.Assert_Concept" time="0.018" errors="0" timestamp="2022-04-09T22:32:52 IST" skipped="0">
  <testcase classname="com.testNG.features_new.Assert_Concept" name="username" time="0.018"/>
  <system-out/>
</testsuite> <!-- com.testNG.features_new.Assert_Concept -->
