<?xml version="1.0" encoding="UTF-8"?>
<!-- Generated by org.testng.reporters.JUnitReportReporter -->
<testsuite hostname="DESKTOP-QN7R8OT" failures="0" tests="3" name="com.testNG.features_new.Ignore_Concepts" time="0.021" errors="0" timestamp="2022-03-30T07:22:01 IST" skipped="1">
  <testcase classname="com.testNG.features_new.Ignore_Concepts" name="Spotify" time="0.019"/>
  <system-out/>
  <testcase classname="com.testNG.features_new.Ignore_Concepts" name="wynkmusic" time="0.002"/>
  <system-out/>
  <testcase classname="com.testNG.features_new.Ignore_Concepts" name="books">
    <skipped/>
  </testcase> <!-- books -->
  <system-out/>
</testsuite> <!-- com.testNG.features_new.Ignore_Concepts -->
