<?xml version="1.0" encoding="UTF-8"?>
<!-- Generated by org.testng.reporters.JUnitReportReporter -->
<testsuite hostname="DESKTOP-QN7R8OT" failures="0" tests="4" name="com.testNG.features_new.Dependency_Test_Features" time="0.023" errors="0" timestamp="2022-04-09T22:29:12 IST" skipped="0">
  <testcase classname="com.testNG.features_new.Dependency_Test_Features" name="watch" time="0.008"/>
  <system-out/>
  <testcase classname="com.testNG.features_new.Dependency_Test_Features" name="offer" time="0.001"/>
  <system-out/>
  <testcase classname="com.testNG.features_new.Dependency_Test_Features" name="suboffer" time="0.003"/>
  <system-out/>
  <testcase classname="com.testNG.features_new.Dependency_Test_Features" name="mobile" time="0.011"/>
  <system-out/>
</testsuite> <!-- com.testNG.features_new.Dependency_Test_Features -->
